  sl  local_address rem_address   st tx_queue rx_queue tr tm->when retrnsmt   uid  timeout inode                                                     
   0: 00000000:01BD 00000000:0000 0A 00000000:00000000 00:00000000 00000000     0        0 10573 1 0000000000000000 100 0 0 10 0                     
   1: 00000000:008B 00000000:0000 0A 00000000:00000000 00:00000000 00000000     0        0 10574 1 0000000000000000 100 0 0 10 0                     
   2: 0100007F:13AD 00000000:0000 0A 00000000:00000000 00:00000000 00000000     0        0 86719 1 0000000000000000 100 0 0 10 0                     
   3: 00000000:006F 00000000:0000 0A 00000000:00000000 00:00000000 00000000     0        0 942 1 0000000000000000 100 0 0 10 0                       
   4: 0100007F:7530 00000000:0000 0A 00000000:00000000 00:00000000 00000000  1000        0 805381 1 0000000000000000 100 0 0 10 0                    
   5: 0100007F:7531 00000000:0000 0A 00000000:00000000 00:00000000 00000000  1000        0 803544 1 0000000000000000 100 0 0 10 0                    
   6: 0100007F:5BB2 00000000:0000 0A 00000000:00000000 00:00000000 00000000  1000        0 1507772 1 0000000000000000 100 0 0 10 0                   
   7: 017AA8C0:0035 00000000:0000 0A 00000000:00000000 00:00000000 00000000     0        0 18860 1 0000000000000000 100 0 0 10 0                     
   8: 0101007F:0035 00000000:0000 0A 00000000:00000000 00:00000000 00000000     0        0 18325 1 0000000000000000 100 0 0 10 0                     
   9: 0100007F:0035 00000000:0000 0A 00000000:00000000 00:00000000 00000000     0        0 17538 1 0000000000000000 100 0 0 10 0                     
  10: 00000000:0016 00000000:0000 0A 00000000:00000000 00:00000000 00000000     0        0 14039 1 0000000000000000 100 0 0 10 0                     
  11: 0100007F:0277 00000000:0000 0A 00000000:00000000 00:00000000 00000000     0        0 1508367 1 0000000000000000 100 0 0 10 0                   
  12: 00000000:89F7 00000000:0000 0A 00000000:00000000 00:00000000 00000000   117        0 17423 1 0000000000000000 100 0 0 10 0                     
  13: 0100007F:22B9 00000000:0000 0A 00000000:00000000 00:00000000 00000000  1000        0 70250 1 0000000000000000 100 0 0 10 0                     
  14: 0100007F:22B9 0100007F:ACD9 01 00000000:00000000 00:00000000 00000000  1000        0 1968021 1 0000000000000000 20 4 11 10 -1                  
  15: 113C810A:851E 525D810A:0016 01 00000000:00000000 02:0005624A 00000000  1000        0 203767 2 0000000000000000 20 4 24 3 2                     
  16: 113C810A:8715 CEEA9F55:01BB 08 00000000:00000020 02:000000AA 00000000  1000        0 2372594 2 0000000000000000 66 4 28 10 -1                  
  17: 113C810A:A8B1 2D10DD9A:0016 01 00000000:00000000 02:0006557D 00000000  1000        0 803558 2 0000000000000000 22 4 30 2 2                     
  18: 113C810A:8028 525D810A:0016 01 00000000:00000000 02:0007957D 00000000  1000        0 836816 2 0000000000000000 20 4 2 10 -1                    
  19: 113C810A:A653 2D10DD9A:0016 01 00000000:00000000 02:00022F16 00000000  1000        0 73751 2 0000000000000000 22 4 30 3 2                      
  20: 113C810A:8E89 525D810A:0016 01 00000000:00000000 02:00056F16 00000000  1000        0 1451016 2 0000000000000000 21 4 28 7 7                    
  21: 0100007F:ACD9 0100007F:22B9 01 00000000:00000000 02:000004A3 00000000  1000        0 1972988 2 0000000000000000 22 4 10 10 -1                  
  22: 0100007F:13AD 0100007F:E251 01 00000000:00000000 00:00000000 00000000     0        0 1529647 1 0000000000000000 20 4 27 10 -1                  
  23: 0100007F:E251 0100007F:13AD 01 00000000:00000000 00:00000000 00000000     0        0 1528118 1 0000000000000000 20 4 24 10 -1                  
  sl  local_address                         remote_address                        st tx_queue rx_queue tr tm->when retrnsmt   uid  timeout inode
   0: 00000000000000000000000000000000:01BD 00000000000000000000000000000000:0000 0A 00000000:00000000 00:00000000 00000000     0        0 10571 1 0000000000000000 100 0 0 10 0
   1: 00000000000000000000000000000000:008B 00000000000000000000000000000000:0000 0A 00000000:00000000 00:00000000 00000000     0        0 10572 1 0000000000000000 100 0 0 10 0
   2: 00000000000000000000000000000000:DE6C 00000000000000000000000000000000:0000 0A 00000000:00000000 00:00000000 00000000   117        0 17427 1 0000000000000000 100 0 0 10 0
   3: 00000000000000000000000000000000:006F 00000000000000000000000000000000:0000 0A 00000000:00000000 00:00000000 00000000     0        0 945 1 0000000000000000 100 0 0 10 0
   4: 00000000000000000000000001000000:7530 00000000000000000000000000000000:0000 0A 00000000:00000000 00:00000000 00000000  1000        0 805380 1 0000000000000000 100 0 0 10 0
   5: 00000000000000000000000001000000:0035 00000000000000000000000000000000:0000 0A 00000000:00000000 00:00000000 00000000     0        0 17540 1 0000000000000000 100 0 0 10 0
   6: 00000000000000000000000000000000:0016 00000000000000000000000000000000:0000 0A 00000000:00000000 00:00000000 00000000     0        0 14041 1 0000000000000000 100 0 0 10 0
   7: 00000000000000000000000001000000:0277 00000000000000000000000000000000:0000 0A 00000000:00000000 00:00000000 00000000     0        0 1508366 1 0000000000000000 100 0 0 10 0
   8: 00000000000000000000000001000000:22B9 00000000000000000000000000000000:0000 0A 00000000:00000000 00:00000000 00000000  1000        0 70249 1 0000000000000000 100 0 0 10 0
   9: 00000000000000000000000001000000:8982 00000000000000000000000001000000:0277 08 00000000:00000001 00:00000000 00000000     0        0 10864 1 0000000000000000 20 4 24 10 -1
